<?xml version="1.0" encoding="UTF-8"?>
<!-- Generated by org.testng.reporters.JUnitXMLReporter -->
<testsuite hostname="ajha-inl" ignored="0" name="Default test" tests="4" failures="0" timestamp="20 Jun 2021 17:27:50 GMT" time="72.742" errors="0">
  <testcase name="verifyLoginPageTitle" time="4.236" classname="com.shop.tests.LoginPageTest"/>
  <testcase name="verifyAlreadyRegisteredText" time="2.468" classname="com.shop.tests.LoginPageTest"/>
  <testcase name="verifyLoginTest" time="4.457" classname="com.shop.tests.LoginPageTest"/>
  <testcase name="verifyAccountCreationTest" time="7.154" classname="com.shop.tests.LoginPageTest"/>
</testsuite> <!-- Default test -->
